<?xml version="1.0" encoding="UTF-8"?>
<!-- Generated by org.testng.reporters.JUnitReportReporter -->
<testsuite skipped="0" hostname="DESKTOP-0FI9SDJ" name="org.rahulshettyacademy.DemoTest" tests="2" failures="0" timestamp="2021-02-09T16:49:57 GMT" time="16.078" errors="0">
  <testcase name="flightTest" time="5.513" classname="org.rahulshettyacademy.DemoTest"/>
  <system-out/>
  <testcase name="flightTest" time="10.565" classname="org.rahulshettyacademy.DemoTest"/>
  <system-out/>
</testsuite> <!-- org.rahulshettyacademy.DemoTest -->
